2025-04-26 03:47:05,131 - WARNING - you are using nologin method, data you access may be limited
2025-04-26 03:47:05,759 - WARNING - you are using nologin method, data you access may be limited
2025-04-26 03:47:06,352 - WARNING - you are using nologin method, data you access may be limited
2025-04-26 03:47:47,679 - WARNING - you are using nologin method, data you access may be limited
2025-04-26 03:47:48,216 - WARNING - you are using nologin method, data you access may be limited
2025-04-26 03:47:49,586 - WARNING - you are using nologin method, data you access may be limited
2025-04-26 03:50:12,834 - WARNING - you are using nologin method, data you access may be limited
2025-04-26 03:50:14,563 - WARNING - you are using nologin method, data you access may be limited
2025-04-26 03:50:17,462 - WARNING - you are using nologin method, data you access may be limited
2025-04-26 03:50:29,611 - WARNING - you are using nologin method, data you access may be limited
2025-04-26 03:50:31,333 - WARNING - you are using nologin method, data you access may be limited
2025-04-26 03:50:33,259 - WARNING - you are using nologin method, data you access may be limited
2025-04-26 03:52:52,033 - WARNING - you are using nologin method, data you access may be limited
2025-04-26 03:52:53,844 - WARNING - you are using nologin method, data you access may be limited
2025-04-26 03:52:55,820 - WARNING - you are using nologin method, data you access may be limited
2025-04-26 04:01:38,274 - WARNING - you are using nologin method, data you access may be limited
2025-04-26 04:01:39,410 - WARNING - you are using nologin method, data you access may be limited
2025-04-26 04:01:40,607 - WARNING - you are using nologin method, data you access may be limited
2025-04-26 04:03:49,507 - WARNING - you are using nologin method, data you access may be limited
2025-04-26 04:03:50,155 - WARNING - you are using nologin method, data you access may be limited
2025-04-26 04:03:50,872 - WARNING - you are using nologin method, data you access may be limited
2025-04-26 04:24:58,356 - WARNING - you are using nologin method, data you access may be limited
2025-04-26 04:24:59,500 - WARNING - you are using nologin method, data you access may be limited
2025-04-26 04:25:00,753 - WARNING - you are using nologin method, data you access may be limited
2025-04-26 04:29:34,016 - WARNING - you are using nologin method, data you access may be limited
2025-04-26 04:29:35,089 - WARNING - you are using nologin method, data you access may be limited
2025-04-26 04:29:37,342 - WARNING - you are using nologin method, data you access may be limited
2025-04-26 06:29:21,455 - WARNING - you are using nologin method, data you access may be limited
2025-04-26 06:29:22,014 - WARNING - you are using nologin method, data you access may be limited
2025-04-26 06:29:23,529 - WARNING - you are using nologin method, data you access may be limited
2025-04-26 06:29:32,901 - WARNING - you are using nologin method, data you access may be limited
2025-04-26 06:29:34,141 - WARNING - you are using nologin method, data you access may be limited
2025-04-26 06:29:34,733 - WARNING - you are using nologin method, data you access may be limited
2025-04-26 06:36:04,456 - WARNING - you are using nologin method, data you access may be limited
2025-04-26 06:36:06,101 - WARNING - you are using nologin method, data you access may be limited
2025-04-26 06:36:07,630 - WARNING - you are using nologin method, data you access may be limited
2025-04-26 06:36:53,987 - WARNING - you are using nologin method, data you access may be limited
2025-04-26 06:36:56,689 - WARNING - you are using nologin method, data you access may be limited
2025-04-26 06:37:02,079 - WARNING - you are using nologin method, data you access may be limited
2025-04-26 06:54:33,644 - WARNING - you are using nologin method, data you access may be limited
2025-04-26 06:54:35,512 - WARNING - you are using nologin method, data you access may be limited
2025-04-26 06:54:37,627 - WARNING - you are using nologin method, data you access may be limited
2025-04-26 07:25:15,404 - WARNING - you are using nologin method, data you access may be limited
2025-04-26 07:25:16,059 - WARNING - you are using nologin method, data you access may be limited
2025-04-26 07:25:17,595 - WARNING - you are using nologin method, data you access may be limited
2025-04-26 07:25:20,506 - WARNING - you are using nologin method, data you access may be limited
2025-04-26 07:25:21,131 - WARNING - you are using nologin method, data you access may be limited
2025-04-26 07:25:21,802 - WARNING - you are using nologin method, data you access may be limited
2025-04-26 07:25:24,029 - WARNING - you are using nologin method, data you access may be limited
2025-04-26 07:25:24,606 - WARNING - you are using nologin method, data you access may be limited
2025-04-26 07:25:25,337 - WARNING - you are using nologin method, data you access may be limited
2025-04-28 03:03:56,939 - WARNING - you are using nologin method, data you access may be limited
2025-04-28 03:03:57,705 - WARNING - you are using nologin method, data you access may be limited
2025-04-28 03:03:58,393 - WARNING - you are using nologin method, data you access may be limited
2025-04-28 03:07:19,158 - WARNING - you are using nologin method, data you access may be limited
2025-04-28 03:07:20,246 - WARNING - you are using nologin method, data you access may be limited
2025-04-28 03:07:21,479 - WARNING - you are using nologin method, data you access may be limited
2025-04-28 03:07:59,234 - WARNING - you are using nologin method, data you access may be limited
2025-04-28 03:08:00,515 - WARNING - you are using nologin method, data you access may be limited
2025-04-28 03:08:17,892 - WARNING - you are using nologin method, data you access may be limited
2025-04-28 03:08:34,401 - WARNING - you are using nologin method, data you access may be limited
2025-04-28 03:08:35,524 - WARNING - you are using nologin method, data you access may be limited
2025-04-28 03:08:36,798 - WARNING - you are using nologin method, data you access may be limited
2025-04-28 03:38:57,027 - WARNING - you are using nologin method, data you access may be limited
2025-04-28 03:38:57,645 - WARNING - you are using nologin method, data you access may be limited
2025-04-28 03:38:58,317 - WARNING - you are using nologin method, data you access may be limited
2025-04-28 03:39:00,922 - WARNING - you are using nologin method, data you access may be limited
2025-04-28 03:39:01,503 - WARNING - you are using nologin method, data you access may be limited
2025-04-28 03:39:02,181 - WARNING - you are using nologin method, data you access may be limited
2025-04-28 03:39:04,155 - WARNING - you are using nologin method, data you access may be limited
2025-04-28 03:39:04,504 - ERROR - Connection to remote host was lost.
2025-04-28 03:39:04,505 - ERROR - no data, please check the exchange and symbol
2025-04-28 03:39:05,568 - WARNING - you are using nologin method, data you access may be limited
2025-04-28 03:39:06,169 - WARNING - you are using nologin method, data you access may be limited
2025-04-28 03:39:06,914 - WARNING - you are using nologin method, data you access may be limited
2025-04-28 04:01:39,196 - WARNING - you are using nologin method, data you access may be limited
2025-04-28 04:01:39,944 - WARNING - you are using nologin method, data you access may be limited
2025-04-28 04:01:40,635 - WARNING - you are using nologin method, data you access may be limited
2025-04-28 04:05:31,983 - WARNING - you are using nologin method, data you access may be limited
2025-04-28 04:05:33,130 - WARNING - you are using nologin method, data you access may be limited
2025-04-28 04:05:34,552 - WARNING - you are using nologin method, data you access may be limited
2025-04-28 04:09:39,536 - WARNING - you are using nologin method, data you access may be limited
2025-04-28 04:10:10,335 - WARNING - you are using nologin method, data you access may be limited
2025-04-28 04:10:28,415 - WARNING - you are using nologin method, data you access may be limited
2025-04-28 04:19:54,542 - WARNING - you are using nologin method, data you access may be limited
2025-04-28 04:19:55,761 - WARNING - you are using nologin method, data you access may be limited
2025-04-28 04:19:56,997 - WARNING - you are using nologin method, data you access may be limited
2025-04-28 05:21:32,312 - WARNING - you are using nologin method, data you access may be limited
2025-04-28 05:21:32,947 - WARNING - you are using nologin method, data you access may be limited
2025-04-28 05:21:33,674 - WARNING - you are using nologin method, data you access may be limited
2025-04-28 05:26:57,467 - WARNING - you are using nologin method, data you access may be limited
2025-04-28 05:26:58,196 - WARNING - you are using nologin method, data you access may be limited
2025-04-28 05:26:58,943 - WARNING - you are using nologin method, data you access may be limited
2025-04-28 06:22:56,025 - WARNING - you are using nologin method, data you access may be limited
2025-04-28 06:22:57,198 - WARNING - you are using nologin method, data you access may be limited
2025-04-28 06:22:59,125 - WARNING - you are using nologin method, data you access may be limited
2025-04-28 06:37:22,917 - WARNING - you are using nologin method, data you access may be limited
2025-04-28 06:37:24,485 - WARNING - you are using nologin method, data you access may be limited
2025-04-28 06:37:26,151 - WARNING - you are using nologin method, data you access may be limited
2025-04-28 06:39:07,085 - WARNING - you are using nologin method, data you access may be limited
2025-04-28 06:39:09,007 - WARNING - you are using nologin method, data you access may be limited
2025-04-28 06:39:11,706 - WARNING - you are using nologin method, data you access may be limited
2025-04-28 07:28:58,360 - WARNING - you are using nologin method, data you access may be limited
2025-04-28 07:28:59,157 - WARNING - you are using nologin method, data you access may be limited
2025-04-28 07:29:00,702 - WARNING - you are using nologin method, data you access may be limited
2025-04-28 07:39:17,322 - WARNING - you are using nologin method, data you access may be limited
2025-04-28 07:39:19,154 - WARNING - you are using nologin method, data you access may be limited
2025-04-28 07:39:21,215 - WARNING - you are using nologin method, data you access may be limited
2025-04-28 08:08:07,151 - WARNING - you are using nologin method, data you access may be limited
2025-04-28 08:08:08,287 - WARNING - you are using nologin method, data you access may be limited
2025-04-28 08:08:10,728 - WARNING - you are using nologin method, data you access may be limited
2025-04-28 08:18:35,917 - WARNING - you are using nologin method, data you access may be limited
2025-04-28 08:18:36,643 - WARNING - you are using nologin method, data you access may be limited
2025-04-28 08:18:37,699 - WARNING - you are using nologin method, data you access may be limited
2025-04-28 08:24:20,499 - WARNING - you are using nologin method, data you access may be limited
2025-04-28 08:24:21,209 - WARNING - you are using nologin method, data you access may be limited
2025-04-28 08:24:22,814 - WARNING - you are using nologin method, data you access may be limited
2025-04-28 09:18:35,260 - WARNING - you are using nologin method, data you access may be limited
2025-04-28 09:18:35,993 - WARNING - you are using nologin method, data you access may be limited
2025-04-28 09:18:36,758 - WARNING - you are using nologin method, data you access may be limited
2025-04-28 11:13:05,125 - WARNING - you are using nologin method, data you access may be limited
2025-04-28 11:13:06,910 - WARNING - you are using nologin method, data you access may be limited
2025-04-28 11:13:08,813 - WARNING - you are using nologin method, data you access may be limited
2025-04-28 11:25:24,565 - WARNING - you are using nologin method, data you access may be limited
2025-04-28 11:25:25,339 - WARNING - you are using nologin method, data you access may be limited
2025-04-28 11:25:26,740 - WARNING - you are using nologin method, data you access may be limited
2025-04-28 11:26:10,681 - WARNING - you are using nologin method, data you access may be limited
2025-04-28 11:26:11,258 - WARNING - you are using nologin method, data you access may be limited
2025-04-28 11:26:12,064 - WARNING - you are using nologin method, data you access may be limited
2025-04-28 11:26:15,271 - WARNING - you are using nologin method, data you access may be limited
2025-04-28 11:26:15,767 - WARNING - you are using nologin method, data you access may be limited
2025-04-28 11:26:16,478 - WARNING - you are using nologin method, data you access may be limited
2025-04-28 11:35:26,930 - WARNING - you are using nologin method, data you access may be limited
2025-04-28 11:35:28,034 - WARNING - you are using nologin method, data you access may be limited
2025-04-28 11:35:29,264 - WARNING - you are using nologin method, data you access may be limited
2025-04-29 01:36:57,537 - WARNING - you are using nologin method, data you access may be limited
2025-04-29 01:36:58,217 - WARNING - you are using nologin method, data you access may be limited
2025-04-29 01:36:58,948 - WARNING - you are using nologin method, data you access may be limited
2025-04-29 02:09:59,758 - INFO - Will watch for changes in these directories: ['/home/manhhai01/Desktop/dev/deploy_3/hdbank-research-crawl_service-43e3a5f5964c']
2025-04-29 02:09:59,759 - INFO - Uvicorn running on http://127.0.0.1:8002 (Press CTRL+C to quit)
2025-04-29 02:09:59,760 - INFO - Started reloader process [473203] using WatchFiles
2025-04-29 02:10:00,605 - INFO - Started server process [473223]
2025-04-29 02:10:00,606 - INFO - Waiting for application startup.
2025-04-29 02:10:00,608 - INFO - Application startup complete.
2025-04-29 03:09:28,451 - WARNING - you are using nologin method, data you access may be limited
2025-04-29 03:09:30,243 - WARNING - you are using nologin method, data you access may be limited
2025-04-29 03:09:32,313 - WARNING - you are using nologin method, data you access may be limited
2025-04-29 03:13:12,109 - WARNING - you are using nologin method, data you access may be limited
2025-04-29 03:13:13,072 - WARNING - you are using nologin method, data you access may be limited
2025-04-29 03:13:14,114 - WARNING - you are using nologin method, data you access may be limited
2025-04-29 03:16:13,089 - WARNING - you are using nologin method, data you access may be limited
2025-04-29 03:16:14,075 - WARNING - you are using nologin method, data you access may be limited
2025-04-29 03:16:15,090 - WARNING - you are using nologin method, data you access may be limited
2025-04-29 03:17:41,840 - WARNING - you are using nologin method, data you access may be limited
2025-04-29 03:17:42,676 - WARNING - you are using nologin method, data you access may be limited
2025-04-29 03:17:43,477 - WARNING - you are using nologin method, data you access may be limited
2025-04-29 03:20:48,731 - WARNING - you are using nologin method, data you access may be limited
2025-04-29 03:20:49,606 - WARNING - you are using nologin method, data you access may be limited
2025-04-29 03:20:50,567 - WARNING - you are using nologin method, data you access may be limited
2025-04-29 03:25:28,909 - WARNING - you are using nologin method, data you access may be limited
2025-04-29 03:25:29,519 - WARNING - you are using nologin method, data you access may be limited
2025-04-29 03:25:30,251 - WARNING - you are using nologin method, data you access may be limited
2025-04-29 03:29:10,568 - WARNING - you are using nologin method, data you access may be limited
2025-04-29 03:29:11,188 - WARNING - you are using nologin method, data you access may be limited
2025-04-29 03:29:15,808 - WARNING - you are using nologin method, data you access may be limited
2025-04-29 03:32:36,387 - WARNING - you are using nologin method, data you access may be limited
2025-04-29 03:32:37,057 - WARNING - you are using nologin method, data you access may be limited
2025-04-29 03:32:37,747 - WARNING - you are using nologin method, data you access may be limited
2025-04-29 03:34:53,996 - WARNING - you are using nologin method, data you access may be limited
2025-04-29 03:34:54,943 - WARNING - you are using nologin method, data you access may be limited
2025-04-29 03:34:55,886 - WARNING - you are using nologin method, data you access may be limited
2025-04-29 03:37:01,482 - WARNING - you are using nologin method, data you access may be limited
2025-04-29 03:37:01,922 - ERROR - Connection to remote host was lost.
2025-04-29 03:37:01,924 - ERROR - no data, please check the exchange and symbol
2025-04-29 03:37:01,931 - ERROR - Exception in ASGI application
  + Exception Group Traceback (most recent call last):
  |   File "/home/manhhai01/Desktop/dev/deploy_3/hdbank-research-crawl_service-43e3a5f5964c/venv_crawl/lib/python3.12/site-packages/starlette/_utils.py", line 76, in collapse_excgroups
  |     yield
  |   File "/home/manhhai01/Desktop/dev/deploy_3/hdbank-research-crawl_service-43e3a5f5964c/venv_crawl/lib/python3.12/site-packages/starlette/middleware/base.py", line 174, in __call__
  |     async with anyio.create_task_group() as task_group:
  |   File "/home/manhhai01/Desktop/dev/deploy_3/hdbank-research-crawl_service-43e3a5f5964c/venv_crawl/lib/python3.12/site-packages/anyio/_backends/_asyncio.py", line 767, in __aexit__
  |     raise BaseExceptionGroup(
  | ExceptionGroup: unhandled errors in a TaskGroup (1 sub-exception)
  +-+---------------- 1 ----------------
    | Traceback (most recent call last):
    |   File "/home/manhhai01/Desktop/dev/deploy_3/hdbank-research-crawl_service-43e3a5f5964c/venv_crawl/lib/python3.12/site-packages/uvicorn/protocols/http/httptools_impl.py", line 409, in run_asgi
    |     result = await app(  # type: ignore[func-returns-value]
    |              ^^^^^^^^^^^^^^^^^^^^^^^^^^^^^^^^^^^^^^^^^^^^^^
    |   File "/home/manhhai01/Desktop/dev/deploy_3/hdbank-research-crawl_service-43e3a5f5964c/venv_crawl/lib/python3.12/site-packages/uvicorn/middleware/proxy_headers.py", line 60, in __call__
    |     return await self.app(scope, receive, send)
    |            ^^^^^^^^^^^^^^^^^^^^^^^^^^^^^^^^^^^^
    |   File "/home/manhhai01/Desktop/dev/deploy_3/hdbank-research-crawl_service-43e3a5f5964c/venv_crawl/lib/python3.12/site-packages/fastapi/applications.py", line 1054, in __call__
    |     await super().__call__(scope, receive, send)
    |   File "/home/manhhai01/Desktop/dev/deploy_3/hdbank-research-crawl_service-43e3a5f5964c/venv_crawl/lib/python3.12/site-packages/starlette/applications.py", line 112, in __call__
    |     await self.middleware_stack(scope, receive, send)
    |   File "/home/manhhai01/Desktop/dev/deploy_3/hdbank-research-crawl_service-43e3a5f5964c/venv_crawl/lib/python3.12/site-packages/starlette/middleware/errors.py", line 187, in __call__
    |     raise exc
    |   File "/home/manhhai01/Desktop/dev/deploy_3/hdbank-research-crawl_service-43e3a5f5964c/venv_crawl/lib/python3.12/site-packages/starlette/middleware/errors.py", line 165, in __call__
    |     await self.app(scope, receive, _send)
    |   File "/home/manhhai01/Desktop/dev/deploy_3/hdbank-research-crawl_service-43e3a5f5964c/venv_crawl/lib/python3.12/site-packages/starlette/middleware/base.py", line 173, in __call__
    |     with recv_stream, send_stream, collapse_excgroups():
    |   File "/usr/lib/python3.12/contextlib.py", line 158, in __exit__
    |     self.gen.throw(value)
    |   File "/home/manhhai01/Desktop/dev/deploy_3/hdbank-research-crawl_service-43e3a5f5964c/venv_crawl/lib/python3.12/site-packages/starlette/_utils.py", line 82, in collapse_excgroups
    |     raise exc
    |   File "/home/manhhai01/Desktop/dev/deploy_3/hdbank-research-crawl_service-43e3a5f5964c/venv_crawl/lib/python3.12/site-packages/starlette/middleware/base.py", line 175, in __call__
    |     response = await self.dispatch_func(request, call_next)
    |                ^^^^^^^^^^^^^^^^^^^^^^^^^^^^^^^^^^^^^^^^^^^^
    |   File "/home/manhhai01/Desktop/dev/deploy_3/hdbank-research-crawl_service-43e3a5f5964c/middleware.py", line 10, in logging_middleware
    |     response = await handler(request)
    |                ^^^^^^^^^^^^^^^^^^^^^^
    |   File "/home/manhhai01/Desktop/dev/deploy_3/hdbank-research-crawl_service-43e3a5f5964c/venv_crawl/lib/python3.12/site-packages/starlette/middleware/base.py", line 153, in call_next
    |     raise app_exc
    |   File "/home/manhhai01/Desktop/dev/deploy_3/hdbank-research-crawl_service-43e3a5f5964c/venv_crawl/lib/python3.12/site-packages/starlette/middleware/base.py", line 140, in coro
    |     await self.app(scope, receive_or_disconnect, send_no_error)
    |   File "/home/manhhai01/Desktop/dev/deploy_3/hdbank-research-crawl_service-43e3a5f5964c/venv_crawl/lib/python3.12/site-packages/starlette/middleware/cors.py", line 85, in __call__
    |     await self.app(scope, receive, send)
    |   File "/home/manhhai01/Desktop/dev/deploy_3/hdbank-research-crawl_service-43e3a5f5964c/venv_crawl/lib/python3.12/site-packages/starlette/middleware/exceptions.py", line 62, in __call__
    |     await wrap_app_handling_exceptions(self.app, conn)(scope, receive, send)
    |   File "/home/manhhai01/Desktop/dev/deploy_3/hdbank-research-crawl_service-43e3a5f5964c/venv_crawl/lib/python3.12/site-packages/starlette/_exception_handler.py", line 53, in wrapped_app
    |     raise exc
    |   File "/home/manhhai01/Desktop/dev/deploy_3/hdbank-research-crawl_service-43e3a5f5964c/venv_crawl/lib/python3.12/site-packages/starlette/_exception_handler.py", line 42, in wrapped_app
    |     await app(scope, receive, sender)
    |   File "/home/manhhai01/Desktop/dev/deploy_3/hdbank-research-crawl_service-43e3a5f5964c/venv_crawl/lib/python3.12/site-packages/starlette/routing.py", line 714, in __call__
    |     await self.middleware_stack(scope, receive, send)
    |   File "/home/manhhai01/Desktop/dev/deploy_3/hdbank-research-crawl_service-43e3a5f5964c/venv_crawl/lib/python3.12/site-packages/starlette/routing.py", line 734, in app
    |     await route.handle(scope, receive, send)
    |   File "/home/manhhai01/Desktop/dev/deploy_3/hdbank-research-crawl_service-43e3a5f5964c/venv_crawl/lib/python3.12/site-packages/starlette/routing.py", line 288, in handle
    |     await self.app(scope, receive, send)
    |   File "/home/manhhai01/Desktop/dev/deploy_3/hdbank-research-crawl_service-43e3a5f5964c/venv_crawl/lib/python3.12/site-packages/starlette/routing.py", line 76, in app
    |     await wrap_app_handling_exceptions(app, request)(scope, receive, send)
    |   File "/home/manhhai01/Desktop/dev/deploy_3/hdbank-research-crawl_service-43e3a5f5964c/venv_crawl/lib/python3.12/site-packages/starlette/_exception_handler.py", line 53, in wrapped_app
    |     raise exc
    |   File "/home/manhhai01/Desktop/dev/deploy_3/hdbank-research-crawl_service-43e3a5f5964c/venv_crawl/lib/python3.12/site-packages/starlette/_exception_handler.py", line 42, in wrapped_app
    |     await app(scope, receive, sender)
    |   File "/home/manhhai01/Desktop/dev/deploy_3/hdbank-research-crawl_service-43e3a5f5964c/venv_crawl/lib/python3.12/site-packages/starlette/routing.py", line 73, in app
    |     response = await f(request)
    |                ^^^^^^^^^^^^^^^^
    |   File "/home/manhhai01/Desktop/dev/deploy_3/hdbank-research-crawl_service-43e3a5f5964c/venv_crawl/lib/python3.12/site-packages/fastapi/routing.py", line 301, in app
    |     raw_response = await run_endpoint_function(
    |                    ^^^^^^^^^^^^^^^^^^^^^^^^^^^^
    |   File "/home/manhhai01/Desktop/dev/deploy_3/hdbank-research-crawl_service-43e3a5f5964c/venv_crawl/lib/python3.12/site-packages/fastapi/routing.py", line 212, in run_endpoint_function
    |     return await dependant.call(**values)
    |            ^^^^^^^^^^^^^^^^^^^^^^^^^^^^^^
    |   File "/home/manhhai01/Desktop/dev/deploy_3/hdbank-research-crawl_service-43e3a5f5964c/domain/tv/controller.py", line 8, in get_data
    |     return await service.get_data(symbol, exchange, interval, n_bars)
    |            ^^^^^^^^^^^^^^^^^^^^^^^^^^^^^^^^^^^^^^^^^^^^^^^^^^^^^^^^^^
    |   File "/home/manhhai01/Desktop/dev/deploy_3/hdbank-research-crawl_service-43e3a5f5964c/domain/tv/service.py", line 19, in get_data
    |     if len(data) == 0:
    |        ^^^^^^^^^
    | TypeError: object of type 'NoneType' has no len()
    +------------------------------------

During handling of the above exception, another exception occurred:

Traceback (most recent call last):
  File "/home/manhhai01/Desktop/dev/deploy_3/hdbank-research-crawl_service-43e3a5f5964c/venv_crawl/lib/python3.12/site-packages/uvicorn/protocols/http/httptools_impl.py", line 409, in run_asgi
    result = await app(  # type: ignore[func-returns-value]
             ^^^^^^^^^^^^^^^^^^^^^^^^^^^^^^^^^^^^^^^^^^^^^^
  File "/home/manhhai01/Desktop/dev/deploy_3/hdbank-research-crawl_service-43e3a5f5964c/venv_crawl/lib/python3.12/site-packages/uvicorn/middleware/proxy_headers.py", line 60, in __call__
    return await self.app(scope, receive, send)
           ^^^^^^^^^^^^^^^^^^^^^^^^^^^^^^^^^^^^
  File "/home/manhhai01/Desktop/dev/deploy_3/hdbank-research-crawl_service-43e3a5f5964c/venv_crawl/lib/python3.12/site-packages/fastapi/applications.py", line 1054, in __call__
    await super().__call__(scope, receive, send)
  File "/home/manhhai01/Desktop/dev/deploy_3/hdbank-research-crawl_service-43e3a5f5964c/venv_crawl/lib/python3.12/site-packages/starlette/applications.py", line 112, in __call__
    await self.middleware_stack(scope, receive, send)
  File "/home/manhhai01/Desktop/dev/deploy_3/hdbank-research-crawl_service-43e3a5f5964c/venv_crawl/lib/python3.12/site-packages/starlette/middleware/errors.py", line 187, in __call__
    raise exc
  File "/home/manhhai01/Desktop/dev/deploy_3/hdbank-research-crawl_service-43e3a5f5964c/venv_crawl/lib/python3.12/site-packages/starlette/middleware/errors.py", line 165, in __call__
    await self.app(scope, receive, _send)
  File "/home/manhhai01/Desktop/dev/deploy_3/hdbank-research-crawl_service-43e3a5f5964c/venv_crawl/lib/python3.12/site-packages/starlette/middleware/base.py", line 173, in __call__
    with recv_stream, send_stream, collapse_excgroups():
  File "/usr/lib/python3.12/contextlib.py", line 158, in __exit__
    self.gen.throw(value)
  File "/home/manhhai01/Desktop/dev/deploy_3/hdbank-research-crawl_service-43e3a5f5964c/venv_crawl/lib/python3.12/site-packages/starlette/_utils.py", line 82, in collapse_excgroups
    raise exc
  File "/home/manhhai01/Desktop/dev/deploy_3/hdbank-research-crawl_service-43e3a5f5964c/venv_crawl/lib/python3.12/site-packages/starlette/middleware/base.py", line 175, in __call__
    response = await self.dispatch_func(request, call_next)
               ^^^^^^^^^^^^^^^^^^^^^^^^^^^^^^^^^^^^^^^^^^^^
  File "/home/manhhai01/Desktop/dev/deploy_3/hdbank-research-crawl_service-43e3a5f5964c/middleware.py", line 10, in logging_middleware
    response = await handler(request)
               ^^^^^^^^^^^^^^^^^^^^^^
  File "/home/manhhai01/Desktop/dev/deploy_3/hdbank-research-crawl_service-43e3a5f5964c/venv_crawl/lib/python3.12/site-packages/starlette/middleware/base.py", line 153, in call_next
    raise app_exc
  File "/home/manhhai01/Desktop/dev/deploy_3/hdbank-research-crawl_service-43e3a5f5964c/venv_crawl/lib/python3.12/site-packages/starlette/middleware/base.py", line 140, in coro
    await self.app(scope, receive_or_disconnect, send_no_error)
  File "/home/manhhai01/Desktop/dev/deploy_3/hdbank-research-crawl_service-43e3a5f5964c/venv_crawl/lib/python3.12/site-packages/starlette/middleware/cors.py", line 85, in __call__
    await self.app(scope, receive, send)
  File "/home/manhhai01/Desktop/dev/deploy_3/hdbank-research-crawl_service-43e3a5f5964c/venv_crawl/lib/python3.12/site-packages/starlette/middleware/exceptions.py", line 62, in __call__
    await wrap_app_handling_exceptions(self.app, conn)(scope, receive, send)
  File "/home/manhhai01/Desktop/dev/deploy_3/hdbank-research-crawl_service-43e3a5f5964c/venv_crawl/lib/python3.12/site-packages/starlette/_exception_handler.py", line 53, in wrapped_app
    raise exc
  File "/home/manhhai01/Desktop/dev/deploy_3/hdbank-research-crawl_service-43e3a5f5964c/venv_crawl/lib/python3.12/site-packages/starlette/_exception_handler.py", line 42, in wrapped_app
    await app(scope, receive, sender)
  File "/home/manhhai01/Desktop/dev/deploy_3/hdbank-research-crawl_service-43e3a5f5964c/venv_crawl/lib/python3.12/site-packages/starlette/routing.py", line 714, in __call__
    await self.middleware_stack(scope, receive, send)
  File "/home/manhhai01/Desktop/dev/deploy_3/hdbank-research-crawl_service-43e3a5f5964c/venv_crawl/lib/python3.12/site-packages/starlette/routing.py", line 734, in app
    await route.handle(scope, receive, send)
  File "/home/manhhai01/Desktop/dev/deploy_3/hdbank-research-crawl_service-43e3a5f5964c/venv_crawl/lib/python3.12/site-packages/starlette/routing.py", line 288, in handle
    await self.app(scope, receive, send)
  File "/home/manhhai01/Desktop/dev/deploy_3/hdbank-research-crawl_service-43e3a5f5964c/venv_crawl/lib/python3.12/site-packages/starlette/routing.py", line 76, in app
    await wrap_app_handling_exceptions(app, request)(scope, receive, send)
  File "/home/manhhai01/Desktop/dev/deploy_3/hdbank-research-crawl_service-43e3a5f5964c/venv_crawl/lib/python3.12/site-packages/starlette/_exception_handler.py", line 53, in wrapped_app
    raise exc
  File "/home/manhhai01/Desktop/dev/deploy_3/hdbank-research-crawl_service-43e3a5f5964c/venv_crawl/lib/python3.12/site-packages/starlette/_exception_handler.py", line 42, in wrapped_app
    await app(scope, receive, sender)
  File "/home/manhhai01/Desktop/dev/deploy_3/hdbank-research-crawl_service-43e3a5f5964c/venv_crawl/lib/python3.12/site-packages/starlette/routing.py", line 73, in app
    response = await f(request)
               ^^^^^^^^^^^^^^^^
  File "/home/manhhai01/Desktop/dev/deploy_3/hdbank-research-crawl_service-43e3a5f5964c/venv_crawl/lib/python3.12/site-packages/fastapi/routing.py", line 301, in app
    raw_response = await run_endpoint_function(
                   ^^^^^^^^^^^^^^^^^^^^^^^^^^^^
  File "/home/manhhai01/Desktop/dev/deploy_3/hdbank-research-crawl_service-43e3a5f5964c/venv_crawl/lib/python3.12/site-packages/fastapi/routing.py", line 212, in run_endpoint_function
    return await dependant.call(**values)
           ^^^^^^^^^^^^^^^^^^^^^^^^^^^^^^
  File "/home/manhhai01/Desktop/dev/deploy_3/hdbank-research-crawl_service-43e3a5f5964c/domain/tv/controller.py", line 8, in get_data
    return await service.get_data(symbol, exchange, interval, n_bars)
           ^^^^^^^^^^^^^^^^^^^^^^^^^^^^^^^^^^^^^^^^^^^^^^^^^^^^^^^^^^
  File "/home/manhhai01/Desktop/dev/deploy_3/hdbank-research-crawl_service-43e3a5f5964c/domain/tv/service.py", line 19, in get_data
    if len(data) == 0:
       ^^^^^^^^^
TypeError: object of type 'NoneType' has no len()
2025-04-29 03:37:49,922 - WARNING - you are using nologin method, data you access may be limited
2025-04-29 03:37:50,810 - WARNING - you are using nologin method, data you access may be limited
2025-04-29 03:37:51,711 - WARNING - you are using nologin method, data you access may be limited
2025-04-29 03:39:46,812 - WARNING - you are using nologin method, data you access may be limited
2025-04-29 03:39:47,969 - WARNING - you are using nologin method, data you access may be limited
2025-04-29 03:39:49,197 - WARNING - you are using nologin method, data you access may be limited
2025-04-29 03:43:42,088 - WARNING - you are using nologin method, data you access may be limited
2025-04-29 03:43:42,799 - WARNING - you are using nologin method, data you access may be limited
2025-04-29 03:43:43,522 - WARNING - you are using nologin method, data you access may be limited
2025-04-29 03:48:51,837 - WARNING - you are using nologin method, data you access may be limited
2025-04-29 03:48:53,040 - WARNING - you are using nologin method, data you access may be limited
2025-04-29 03:48:53,999 - WARNING - you are using nologin method, data you access may be limited
2025-04-29 03:54:50,383 - WARNING - you are using nologin method, data you access may be limited
2025-04-29 03:54:51,940 - WARNING - you are using nologin method, data you access may be limited
2025-04-29 03:54:53,317 - WARNING - you are using nologin method, data you access may be limited
2025-04-29 03:56:41,426 - WARNING - you are using nologin method, data you access may be limited
2025-04-29 03:56:44,753 - WARNING - you are using nologin method, data you access may be limited
2025-04-29 03:56:45,722 - WARNING - you are using nologin method, data you access may be limited
2025-04-29 03:58:44,938 - WARNING - you are using nologin method, data you access may be limited
2025-04-29 03:58:46,239 - WARNING - you are using nologin method, data you access may be limited
2025-04-29 03:58:47,471 - WARNING - you are using nologin method, data you access may be limited
2025-04-29 03:59:58,320 - WARNING - you are using nologin method, data you access may be limited
2025-04-29 03:59:59,890 - WARNING - you are using nologin method, data you access may be limited
2025-04-29 04:00:02,265 - WARNING - you are using nologin method, data you access may be limited
2025-04-29 04:01:18,638 - WARNING - you are using nologin method, data you access may be limited
2025-04-29 04:01:19,536 - WARNING - you are using nologin method, data you access may be limited
2025-04-29 04:01:21,320 - WARNING - you are using nologin method, data you access may be limited
2025-04-29 04:08:49,867 - WARNING - you are using nologin method, data you access may be limited
2025-04-29 04:08:51,053 - WARNING - you are using nologin method, data you access may be limited
2025-04-29 04:08:52,260 - WARNING - you are using nologin method, data you access may be limited
2025-04-29 04:16:01,769 - WARNING - you are using nologin method, data you access may be limited
2025-04-29 04:16:06,334 - WARNING - you are using nologin method, data you access may be limited
2025-04-29 04:16:12,652 - WARNING - you are using nologin method, data you access may be limited
2025-04-29 04:18:05,432 - WARNING - you are using nologin method, data you access may be limited
2025-04-29 04:18:09,232 - WARNING - you are using nologin method, data you access may be limited
2025-04-29 04:18:10,500 - WARNING - you are using nologin method, data you access may be limited
2025-04-29 04:19:02,547 - WARNING - you are using nologin method, data you access may be limited
2025-04-29 04:19:06,690 - WARNING - you are using nologin method, data you access may be limited
2025-04-29 04:19:08,466 - WARNING - you are using nologin method, data you access may be limited
2025-04-29 04:20:44,661 - WARNING - you are using nologin method, data you access may be limited
2025-04-29 04:20:54,656 - WARNING - you are using nologin method, data you access may be limited
2025-04-29 04:20:59,184 - WARNING - you are using nologin method, data you access may be limited
2025-04-29 04:23:24,247 - WARNING - you are using nologin method, data you access may be limited
2025-04-29 04:23:24,933 - WARNING - you are using nologin method, data you access may be limited
2025-04-29 04:23:26,232 - WARNING - you are using nologin method, data you access may be limited
2025-04-29 04:33:46,970 - WARNING - you are using nologin method, data you access may be limited
2025-04-29 04:33:51,249 - WARNING - you are using nologin method, data you access may be limited
2025-04-29 04:33:53,817 - WARNING - you are using nologin method, data you access may be limited
2025-04-29 04:42:59,426 - WARNING - you are using nologin method, data you access may be limited
2025-04-29 04:43:00,665 - WARNING - you are using nologin method, data you access may be limited
2025-04-29 04:43:02,044 - WARNING - you are using nologin method, data you access may be limited
2025-04-29 04:49:09,990 - WARNING - you are using nologin method, data you access may be limited
2025-04-29 04:49:10,592 - WARNING - you are using nologin method, data you access may be limited
2025-04-29 04:49:14,156 - WARNING - you are using nologin method, data you access may be limited
2025-04-29 06:20:28,494 - WARNING - you are using nologin method, data you access may be limited
2025-04-29 06:20:31,247 - WARNING - you are using nologin method, data you access may be limited
2025-04-29 06:20:33,222 - WARNING - you are using nologin method, data you access may be limited
2025-04-29 06:22:04,326 - WARNING - you are using nologin method, data you access may be limited
2025-04-29 06:22:05,581 - WARNING - you are using nologin method, data you access may be limited
2025-04-29 06:22:06,896 - WARNING - you are using nologin method, data you access may be limited
2025-04-29 06:25:07,116 - WARNING - you are using nologin method, data you access may be limited
2025-04-29 06:25:07,797 - WARNING - you are using nologin method, data you access may be limited
2025-04-29 06:25:08,564 - WARNING - you are using nologin method, data you access may be limited
2025-04-29 06:26:48,152 - WARNING - you are using nologin method, data you access may be limited
2025-04-29 06:26:49,365 - WARNING - you are using nologin method, data you access may be limited
2025-04-29 06:26:50,728 - WARNING - you are using nologin method, data you access may be limited
2025-04-29 06:28:36,906 - WARNING - you are using nologin method, data you access may be limited
2025-04-29 06:28:38,077 - WARNING - you are using nologin method, data you access may be limited
2025-04-29 06:28:40,408 - WARNING - you are using nologin method, data you access may be limited
2025-04-29 06:57:47,294 - WARNING - you are using nologin method, data you access may be limited
2025-04-29 06:57:48,633 - WARNING - you are using nologin method, data you access may be limited
2025-04-29 06:57:49,998 - WARNING - you are using nologin method, data you access may be limited
2025-04-29 07:08:05,662 - WARNING - you are using nologin method, data you access may be limited
2025-04-29 07:08:06,649 - WARNING - you are using nologin method, data you access may be limited
2025-04-29 07:08:07,406 - WARNING - you are using nologin method, data you access may be limited
2025-04-29 07:19:57,460 - WARNING - you are using nologin method, data you access may be limited
2025-04-29 07:19:59,365 - WARNING - you are using nologin method, data you access may be limited
2025-04-29 07:20:01,416 - WARNING - you are using nologin method, data you access may be limited
2025-04-29 07:30:58,821 - WARNING - you are using nologin method, data you access may be limited
2025-04-29 07:31:00,653 - WARNING - you are using nologin method, data you access may be limited
2025-04-29 07:31:02,830 - WARNING - you are using nologin method, data you access may be limited
2025-04-29 08:44:06,410 - INFO - Will watch for changes in these directories: ['/home/manhhai01/Desktop/dev/deploy_3/hdbank-research-crawl_service-43e3a5f5964c']
2025-04-29 08:44:06,411 - INFO - Uvicorn running on http://127.0.0.1:8002 (Press CTRL+C to quit)
2025-04-29 08:44:06,412 - INFO - Started reloader process [6883] using WatchFiles
2025-04-29 08:44:07,027 - INFO - Started server process [6892]
2025-04-29 08:44:07,029 - INFO - Waiting for application startup.
2025-04-29 08:44:07,029 - INFO - Application startup complete.
2025-04-29 08:45:37,355 - WARNING - you are using nologin method, data you access may be limited
2025-04-29 08:45:38,055 - WARNING - you are using nologin method, data you access may be limited
2025-04-29 08:45:38,850 - WARNING - you are using nologin method, data you access may be limited
2025-04-29 09:28:19,451 - WARNING - you are using nologin method, data you access may be limited
2025-04-29 09:28:20,613 - WARNING - you are using nologin method, data you access may be limited
2025-04-29 09:28:21,857 - WARNING - you are using nologin method, data you access may be limited
2025-04-29 09:49:34,686 - WARNING - you are using nologin method, data you access may be limited
2025-04-29 09:49:35,864 - WARNING - you are using nologin method, data you access may be limited
2025-04-29 09:49:42,152 - WARNING - you are using nologin method, data you access may be limited
2025-04-29 09:51:02,774 - WARNING - you are using nologin method, data you access may be limited
2025-04-29 09:51:03,329 - WARNING - you are using nologin method, data you access may be limited
2025-04-29 09:51:04,214 - WARNING - you are using nologin method, data you access may be limited
2025-04-29 09:54:58,023 - WARNING - you are using nologin method, data you access may be limited
2025-04-29 09:55:00,007 - WARNING - you are using nologin method, data you access may be limited
2025-04-29 09:55:02,926 - WARNING - you are using nologin method, data you access may be limited
2025-04-29 09:55:21,550 - WARNING - you are using nologin method, data you access may be limited
2025-04-29 09:55:23,305 - WARNING - you are using nologin method, data you access may be limited
2025-04-29 09:55:25,292 - WARNING - you are using nologin method, data you access may be limited
2025-04-29 09:57:02,849 - WARNING - you are using nologin method, data you access may be limited
2025-04-29 09:57:04,932 - WARNING - you are using nologin method, data you access may be limited
2025-04-29 09:57:07,405 - WARNING - you are using nologin method, data you access may be limited
2025-05-04 09:27:45,686 - WARNING - you are using nologin method, data you access may be limited
2025-05-04 09:27:46,239 - WARNING - you are using nologin method, data you access may be limited
2025-05-04 09:27:46,902 - WARNING - you are using nologin method, data you access may be limited
2025-05-04 10:12:11,474 - WARNING - you are using nologin method, data you access may be limited
2025-05-04 10:12:12,006 - WARNING - you are using nologin method, data you access may be limited
2025-05-04 10:12:12,591 - WARNING - you are using nologin method, data you access may be limited
2025-05-04 11:01:54,659 - WARNING - you are using nologin method, data you access may be limited
2025-05-04 11:01:55,898 - WARNING - you are using nologin method, data you access may be limited
2025-05-04 11:01:57,898 - WARNING - you are using nologin method, data you access may be limited
2025-05-04 12:55:56,689 - WARNING - you are using nologin method, data you access may be limited
2025-05-04 12:55:57,777 - WARNING - you are using nologin method, data you access may be limited
2025-05-04 12:55:58,970 - WARNING - you are using nologin method, data you access may be limited
2025-05-04 12:56:12,434 - WARNING - you are using nologin method, data you access may be limited
2025-05-04 12:56:13,448 - WARNING - you are using nologin method, data you access may be limited
2025-05-04 12:56:14,630 - WARNING - you are using nologin method, data you access may be limited
2025-05-04 15:08:38,404 - WARNING - you are using nologin method, data you access may be limited
2025-05-04 15:08:39,461 - WARNING - you are using nologin method, data you access may be limited
2025-05-04 15:08:40,662 - WARNING - you are using nologin method, data you access may be limited
2025-05-04 15:48:34,074 - WARNING - you are using nologin method, data you access may be limited
2025-05-04 15:48:35,822 - WARNING - you are using nologin method, data you access may be limited
2025-05-04 15:48:38,458 - WARNING - you are using nologin method, data you access may be limited
2025-05-04 16:38:45,981 - WARNING - you are using nologin method, data you access may be limited
2025-05-04 16:38:47,255 - WARNING - you are using nologin method, data you access may be limited
2025-05-04 16:38:48,380 - WARNING - you are using nologin method, data you access may be limited
2025-05-05 01:51:32,394 - WARNING - you are using nologin method, data you access may be limited
2025-05-05 01:51:33,530 - WARNING - you are using nologin method, data you access may be limited
2025-05-05 01:51:34,884 - WARNING - you are using nologin method, data you access may be limited
2025-05-05 02:36:25,502 - WARNING - you are using nologin method, data you access may be limited
2025-05-05 02:36:27,326 - WARNING - you are using nologin method, data you access may be limited
2025-05-05 02:36:34,426 - WARNING - you are using nologin method, data you access may be limited
2025-05-05 03:22:59,645 - WARNING - you are using nologin method, data you access may be limited
2025-05-05 03:23:00,793 - WARNING - you are using nologin method, data you access may be limited
2025-05-05 03:23:02,134 - WARNING - you are using nologin method, data you access may be limited
2025-05-05 03:25:39,141 - WARNING - you are using nologin method, data you access may be limited
2025-05-05 03:25:40,902 - WARNING - you are using nologin method, data you access may be limited
2025-05-05 03:25:43,616 - WARNING - you are using nologin method, data you access may be limited
2025-05-05 03:27:22,746 - WARNING - you are using nologin method, data you access may be limited
2025-05-05 03:27:24,563 - WARNING - you are using nologin method, data you access may be limited
2025-05-05 03:27:26,556 - WARNING - you are using nologin method, data you access may be limited
2025-05-05 03:29:59,625 - WARNING - you are using nologin method, data you access may be limited
2025-05-05 03:30:01,472 - WARNING - you are using nologin method, data you access may be limited
2025-05-05 03:30:03,469 - WARNING - you are using nologin method, data you access may be limited
2025-05-05 03:32:31,230 - WARNING - you are using nologin method, data you access may be limited
2025-05-05 03:32:32,347 - WARNING - you are using nologin method, data you access may be limited
2025-05-05 03:32:33,664 - WARNING - you are using nologin method, data you access may be limited
2025-05-05 03:35:00,404 - WARNING - you are using nologin method, data you access may be limited
2025-05-05 03:35:01,909 - WARNING - you are using nologin method, data you access may be limited
2025-05-05 03:35:03,308 - WARNING - you are using nologin method, data you access may be limited
2025-05-05 03:42:26,786 - WARNING - you are using nologin method, data you access may be limited
2025-05-05 03:42:27,647 - WARNING - you are using nologin method, data you access may be limited
2025-05-05 03:42:28,546 - WARNING - you are using nologin method, data you access may be limited
2025-05-05 03:46:09,643 - WARNING - you are using nologin method, data you access may be limited
2025-05-05 03:46:11,212 - WARNING - you are using nologin method, data you access may be limited
2025-05-05 03:46:12,454 - WARNING - you are using nologin method, data you access may be limited
2025-05-05 03:54:04,475 - WARNING - you are using nologin method, data you access may be limited
2025-05-05 03:54:05,510 - WARNING - you are using nologin method, data you access may be limited
2025-05-05 03:54:07,402 - WARNING - you are using nologin method, data you access may be limited
2025-05-05 03:57:08,088 - WARNING - you are using nologin method, data you access may be limited
2025-05-05 03:57:10,326 - WARNING - you are using nologin method, data you access may be limited
2025-05-05 03:57:11,573 - WARNING - you are using nologin method, data you access may be limited
2025-05-05 03:59:39,259 - WARNING - you are using nologin method, data you access may be limited
2025-05-05 03:59:39,900 - WARNING - you are using nologin method, data you access may be limited
2025-05-05 03:59:40,695 - WARNING - you are using nologin method, data you access may be limited
2025-05-05 04:03:18,789 - WARNING - you are using nologin method, data you access may be limited
2025-05-05 04:03:20,332 - WARNING - you are using nologin method, data you access may be limited
2025-05-05 04:03:21,239 - WARNING - you are using nologin method, data you access may be limited
2025-05-05 04:12:14,454 - WARNING - you are using nologin method, data you access may be limited
2025-05-05 04:12:15,185 - WARNING - you are using nologin method, data you access may be limited
2025-05-05 04:12:15,958 - WARNING - you are using nologin method, data you access may be limited
2025-05-05 05:59:06,759 - WARNING - you are using nologin method, data you access may be limited
2025-05-05 05:59:08,246 - WARNING - you are using nologin method, data you access may be limited
2025-05-05 05:59:10,566 - WARNING - you are using nologin method, data you access may be limited
2025-05-05 07:10:16,223 - WARNING - you are using nologin method, data you access may be limited
2025-05-05 07:10:18,125 - WARNING - you are using nologin method, data you access may be limited
2025-05-05 07:10:20,110 - WARNING - you are using nologin method, data you access may be limited
2025-05-05 08:41:52,509 - WARNING - you are using nologin method, data you access may be limited
2025-05-05 08:41:53,233 - WARNING - you are using nologin method, data you access may be limited
2025-05-05 08:41:54,092 - WARNING - you are using nologin method, data you access may be limited
2025-05-05 10:13:04,564 - WARNING - you are using nologin method, data you access may be limited
2025-05-05 10:13:05,516 - WARNING - you are using nologin method, data you access may be limited
2025-05-05 10:13:06,511 - WARNING - you are using nologin method, data you access may be limited
2025-05-05 13:54:32,423 - WARNING - you are using nologin method, data you access may be limited
2025-05-05 13:54:33,608 - WARNING - you are using nologin method, data you access may be limited
2025-05-05 13:54:34,951 - WARNING - you are using nologin method, data you access may be limited
2025-05-05 14:20:34,675 - WARNING - you are using nologin method, data you access may be limited
2025-05-05 14:20:35,895 - WARNING - you are using nologin method, data you access may be limited
2025-05-05 14:20:38,813 - WARNING - you are using nologin method, data you access may be limited
2025-05-05 14:36:48,527 - WARNING - you are using nologin method, data you access may be limited
2025-05-05 14:36:49,172 - WARNING - you are using nologin method, data you access may be limited
2025-05-05 14:36:50,703 - WARNING - you are using nologin method, data you access may be limited
2025-05-05 14:57:12,325 - WARNING - you are using nologin method, data you access may be limited
2025-05-05 14:57:12,898 - WARNING - you are using nologin method, data you access may be limited
2025-05-05 14:57:13,667 - WARNING - you are using nologin method, data you access may be limited
2025-05-05 15:11:52,918 - WARNING - you are using nologin method, data you access may be limited
2025-05-05 15:11:54,099 - WARNING - you are using nologin method, data you access may be limited
2025-05-05 15:11:54,687 - ERROR - Connection to remote host was lost.
2025-05-05 15:11:54,689 - ERROR - no data, please check the exchange and symbol
2025-05-05 15:11:54,691 - ERROR - Exception in ASGI application
  + Exception Group Traceback (most recent call last):
  |   File "/home/manhhai01/Desktop/dev/deploy_3/hdbank-research-crawl_service-43e3a5f5964c/venv_crawl/lib/python3.12/site-packages/starlette/_utils.py", line 76, in collapse_excgroups
  |     yield
  |   File "/home/manhhai01/Desktop/dev/deploy_3/hdbank-research-crawl_service-43e3a5f5964c/venv_crawl/lib/python3.12/site-packages/starlette/middleware/base.py", line 174, in __call__
  |     async with anyio.create_task_group() as task_group:
  |   File "/home/manhhai01/Desktop/dev/deploy_3/hdbank-research-crawl_service-43e3a5f5964c/venv_crawl/lib/python3.12/site-packages/anyio/_backends/_asyncio.py", line 767, in __aexit__
  |     raise BaseExceptionGroup(
  | ExceptionGroup: unhandled errors in a TaskGroup (1 sub-exception)
  +-+---------------- 1 ----------------
    | Traceback (most recent call last):
    |   File "/home/manhhai01/Desktop/dev/deploy_3/hdbank-research-crawl_service-43e3a5f5964c/venv_crawl/lib/python3.12/site-packages/uvicorn/protocols/http/httptools_impl.py", line 409, in run_asgi
    |     result = await app(  # type: ignore[func-returns-value]
    |              ^^^^^^^^^^^^^^^^^^^^^^^^^^^^^^^^^^^^^^^^^^^^^^
    |   File "/home/manhhai01/Desktop/dev/deploy_3/hdbank-research-crawl_service-43e3a5f5964c/venv_crawl/lib/python3.12/site-packages/uvicorn/middleware/proxy_headers.py", line 60, in __call__
    |     return await self.app(scope, receive, send)
    |            ^^^^^^^^^^^^^^^^^^^^^^^^^^^^^^^^^^^^
    |   File "/home/manhhai01/Desktop/dev/deploy_3/hdbank-research-crawl_service-43e3a5f5964c/venv_crawl/lib/python3.12/site-packages/fastapi/applications.py", line 1054, in __call__
    |     await super().__call__(scope, receive, send)
    |   File "/home/manhhai01/Desktop/dev/deploy_3/hdbank-research-crawl_service-43e3a5f5964c/venv_crawl/lib/python3.12/site-packages/starlette/applications.py", line 112, in __call__
    |     await self.middleware_stack(scope, receive, send)
    |   File "/home/manhhai01/Desktop/dev/deploy_3/hdbank-research-crawl_service-43e3a5f5964c/venv_crawl/lib/python3.12/site-packages/starlette/middleware/errors.py", line 187, in __call__
    |     raise exc
    |   File "/home/manhhai01/Desktop/dev/deploy_3/hdbank-research-crawl_service-43e3a5f5964c/venv_crawl/lib/python3.12/site-packages/starlette/middleware/errors.py", line 165, in __call__
    |     await self.app(scope, receive, _send)
    |   File "/home/manhhai01/Desktop/dev/deploy_3/hdbank-research-crawl_service-43e3a5f5964c/venv_crawl/lib/python3.12/site-packages/starlette/middleware/base.py", line 173, in __call__
    |     with recv_stream, send_stream, collapse_excgroups():
    |   File "/usr/lib/python3.12/contextlib.py", line 158, in __exit__
    |     self.gen.throw(value)
    |   File "/home/manhhai01/Desktop/dev/deploy_3/hdbank-research-crawl_service-43e3a5f5964c/venv_crawl/lib/python3.12/site-packages/starlette/_utils.py", line 82, in collapse_excgroups
    |     raise exc
    |   File "/home/manhhai01/Desktop/dev/deploy_3/hdbank-research-crawl_service-43e3a5f5964c/venv_crawl/lib/python3.12/site-packages/starlette/middleware/base.py", line 175, in __call__
    |     response = await self.dispatch_func(request, call_next)
    |                ^^^^^^^^^^^^^^^^^^^^^^^^^^^^^^^^^^^^^^^^^^^^
    |   File "/home/manhhai01/Desktop/dev/deploy_3/hdbank-research-crawl_service-43e3a5f5964c/middleware.py", line 10, in logging_middleware
    |     response = await handler(request)
    |                ^^^^^^^^^^^^^^^^^^^^^^
    |   File "/home/manhhai01/Desktop/dev/deploy_3/hdbank-research-crawl_service-43e3a5f5964c/venv_crawl/lib/python3.12/site-packages/starlette/middleware/base.py", line 153, in call_next
    |     raise app_exc
    |   File "/home/manhhai01/Desktop/dev/deploy_3/hdbank-research-crawl_service-43e3a5f5964c/venv_crawl/lib/python3.12/site-packages/starlette/middleware/base.py", line 140, in coro
    |     await self.app(scope, receive_or_disconnect, send_no_error)
    |   File "/home/manhhai01/Desktop/dev/deploy_3/hdbank-research-crawl_service-43e3a5f5964c/venv_crawl/lib/python3.12/site-packages/starlette/middleware/cors.py", line 85, in __call__
    |     await self.app(scope, receive, send)
    |   File "/home/manhhai01/Desktop/dev/deploy_3/hdbank-research-crawl_service-43e3a5f5964c/venv_crawl/lib/python3.12/site-packages/starlette/middleware/exceptions.py", line 62, in __call__
    |     await wrap_app_handling_exceptions(self.app, conn)(scope, receive, send)
    |   File "/home/manhhai01/Desktop/dev/deploy_3/hdbank-research-crawl_service-43e3a5f5964c/venv_crawl/lib/python3.12/site-packages/starlette/_exception_handler.py", line 53, in wrapped_app
    |     raise exc
    |   File "/home/manhhai01/Desktop/dev/deploy_3/hdbank-research-crawl_service-43e3a5f5964c/venv_crawl/lib/python3.12/site-packages/starlette/_exception_handler.py", line 42, in wrapped_app
    |     await app(scope, receive, sender)
    |   File "/home/manhhai01/Desktop/dev/deploy_3/hdbank-research-crawl_service-43e3a5f5964c/venv_crawl/lib/python3.12/site-packages/starlette/routing.py", line 714, in __call__
    |     await self.middleware_stack(scope, receive, send)
    |   File "/home/manhhai01/Desktop/dev/deploy_3/hdbank-research-crawl_service-43e3a5f5964c/venv_crawl/lib/python3.12/site-packages/starlette/routing.py", line 734, in app
    |     await route.handle(scope, receive, send)
    |   File "/home/manhhai01/Desktop/dev/deploy_3/hdbank-research-crawl_service-43e3a5f5964c/venv_crawl/lib/python3.12/site-packages/starlette/routing.py", line 288, in handle
    |     await self.app(scope, receive, send)
    |   File "/home/manhhai01/Desktop/dev/deploy_3/hdbank-research-crawl_service-43e3a5f5964c/venv_crawl/lib/python3.12/site-packages/starlette/routing.py", line 76, in app
    |     await wrap_app_handling_exceptions(app, request)(scope, receive, send)
    |   File "/home/manhhai01/Desktop/dev/deploy_3/hdbank-research-crawl_service-43e3a5f5964c/venv_crawl/lib/python3.12/site-packages/starlette/_exception_handler.py", line 53, in wrapped_app
    |     raise exc
    |   File "/home/manhhai01/Desktop/dev/deploy_3/hdbank-research-crawl_service-43e3a5f5964c/venv_crawl/lib/python3.12/site-packages/starlette/_exception_handler.py", line 42, in wrapped_app
    |     await app(scope, receive, sender)
    |   File "/home/manhhai01/Desktop/dev/deploy_3/hdbank-research-crawl_service-43e3a5f5964c/venv_crawl/lib/python3.12/site-packages/starlette/routing.py", line 73, in app
    |     response = await f(request)
    |                ^^^^^^^^^^^^^^^^
    |   File "/home/manhhai01/Desktop/dev/deploy_3/hdbank-research-crawl_service-43e3a5f5964c/venv_crawl/lib/python3.12/site-packages/fastapi/routing.py", line 301, in app
    |     raw_response = await run_endpoint_function(
    |                    ^^^^^^^^^^^^^^^^^^^^^^^^^^^^
    |   File "/home/manhhai01/Desktop/dev/deploy_3/hdbank-research-crawl_service-43e3a5f5964c/venv_crawl/lib/python3.12/site-packages/fastapi/routing.py", line 212, in run_endpoint_function
    |     return await dependant.call(**values)
    |            ^^^^^^^^^^^^^^^^^^^^^^^^^^^^^^
    |   File "/home/manhhai01/Desktop/dev/deploy_3/hdbank-research-crawl_service-43e3a5f5964c/domain/tv/controller.py", line 8, in get_data
    |     return await service.get_data(symbol, exchange, interval, n_bars)
    |            ^^^^^^^^^^^^^^^^^^^^^^^^^^^^^^^^^^^^^^^^^^^^^^^^^^^^^^^^^^
    |   File "/home/manhhai01/Desktop/dev/deploy_3/hdbank-research-crawl_service-43e3a5f5964c/domain/tv/service.py", line 19, in get_data
    |     if len(data) == 0:
    |        ^^^^^^^^^
    | TypeError: object of type 'NoneType' has no len()
    +------------------------------------

During handling of the above exception, another exception occurred:

Traceback (most recent call last):
  File "/home/manhhai01/Desktop/dev/deploy_3/hdbank-research-crawl_service-43e3a5f5964c/venv_crawl/lib/python3.12/site-packages/uvicorn/protocols/http/httptools_impl.py", line 409, in run_asgi
    result = await app(  # type: ignore[func-returns-value]
             ^^^^^^^^^^^^^^^^^^^^^^^^^^^^^^^^^^^^^^^^^^^^^^
  File "/home/manhhai01/Desktop/dev/deploy_3/hdbank-research-crawl_service-43e3a5f5964c/venv_crawl/lib/python3.12/site-packages/uvicorn/middleware/proxy_headers.py", line 60, in __call__
    return await self.app(scope, receive, send)
           ^^^^^^^^^^^^^^^^^^^^^^^^^^^^^^^^^^^^
  File "/home/manhhai01/Desktop/dev/deploy_3/hdbank-research-crawl_service-43e3a5f5964c/venv_crawl/lib/python3.12/site-packages/fastapi/applications.py", line 1054, in __call__
    await super().__call__(scope, receive, send)
  File "/home/manhhai01/Desktop/dev/deploy_3/hdbank-research-crawl_service-43e3a5f5964c/venv_crawl/lib/python3.12/site-packages/starlette/applications.py", line 112, in __call__
    await self.middleware_stack(scope, receive, send)
  File "/home/manhhai01/Desktop/dev/deploy_3/hdbank-research-crawl_service-43e3a5f5964c/venv_crawl/lib/python3.12/site-packages/starlette/middleware/errors.py", line 187, in __call__
    raise exc
  File "/home/manhhai01/Desktop/dev/deploy_3/hdbank-research-crawl_service-43e3a5f5964c/venv_crawl/lib/python3.12/site-packages/starlette/middleware/errors.py", line 165, in __call__
    await self.app(scope, receive, _send)
  File "/home/manhhai01/Desktop/dev/deploy_3/hdbank-research-crawl_service-43e3a5f5964c/venv_crawl/lib/python3.12/site-packages/starlette/middleware/base.py", line 173, in __call__
    with recv_stream, send_stream, collapse_excgroups():
  File "/usr/lib/python3.12/contextlib.py", line 158, in __exit__
    self.gen.throw(value)
  File "/home/manhhai01/Desktop/dev/deploy_3/hdbank-research-crawl_service-43e3a5f5964c/venv_crawl/lib/python3.12/site-packages/starlette/_utils.py", line 82, in collapse_excgroups
    raise exc
  File "/home/manhhai01/Desktop/dev/deploy_3/hdbank-research-crawl_service-43e3a5f5964c/venv_crawl/lib/python3.12/site-packages/starlette/middleware/base.py", line 175, in __call__
    response = await self.dispatch_func(request, call_next)
               ^^^^^^^^^^^^^^^^^^^^^^^^^^^^^^^^^^^^^^^^^^^^
  File "/home/manhhai01/Desktop/dev/deploy_3/hdbank-research-crawl_service-43e3a5f5964c/middleware.py", line 10, in logging_middleware
    response = await handler(request)
               ^^^^^^^^^^^^^^^^^^^^^^
  File "/home/manhhai01/Desktop/dev/deploy_3/hdbank-research-crawl_service-43e3a5f5964c/venv_crawl/lib/python3.12/site-packages/starlette/middleware/base.py", line 153, in call_next
    raise app_exc
  File "/home/manhhai01/Desktop/dev/deploy_3/hdbank-research-crawl_service-43e3a5f5964c/venv_crawl/lib/python3.12/site-packages/starlette/middleware/base.py", line 140, in coro
    await self.app(scope, receive_or_disconnect, send_no_error)
  File "/home/manhhai01/Desktop/dev/deploy_3/hdbank-research-crawl_service-43e3a5f5964c/venv_crawl/lib/python3.12/site-packages/starlette/middleware/cors.py", line 85, in __call__
    await self.app(scope, receive, send)
  File "/home/manhhai01/Desktop/dev/deploy_3/hdbank-research-crawl_service-43e3a5f5964c/venv_crawl/lib/python3.12/site-packages/starlette/middleware/exceptions.py", line 62, in __call__
    await wrap_app_handling_exceptions(self.app, conn)(scope, receive, send)
  File "/home/manhhai01/Desktop/dev/deploy_3/hdbank-research-crawl_service-43e3a5f5964c/venv_crawl/lib/python3.12/site-packages/starlette/_exception_handler.py", line 53, in wrapped_app
    raise exc
  File "/home/manhhai01/Desktop/dev/deploy_3/hdbank-research-crawl_service-43e3a5f5964c/venv_crawl/lib/python3.12/site-packages/starlette/_exception_handler.py", line 42, in wrapped_app
    await app(scope, receive, sender)
  File "/home/manhhai01/Desktop/dev/deploy_3/hdbank-research-crawl_service-43e3a5f5964c/venv_crawl/lib/python3.12/site-packages/starlette/routing.py", line 714, in __call__
    await self.middleware_stack(scope, receive, send)
  File "/home/manhhai01/Desktop/dev/deploy_3/hdbank-research-crawl_service-43e3a5f5964c/venv_crawl/lib/python3.12/site-packages/starlette/routing.py", line 734, in app
    await route.handle(scope, receive, send)
  File "/home/manhhai01/Desktop/dev/deploy_3/hdbank-research-crawl_service-43e3a5f5964c/venv_crawl/lib/python3.12/site-packages/starlette/routing.py", line 288, in handle
    await self.app(scope, receive, send)
  File "/home/manhhai01/Desktop/dev/deploy_3/hdbank-research-crawl_service-43e3a5f5964c/venv_crawl/lib/python3.12/site-packages/starlette/routing.py", line 76, in app
    await wrap_app_handling_exceptions(app, request)(scope, receive, send)
  File "/home/manhhai01/Desktop/dev/deploy_3/hdbank-research-crawl_service-43e3a5f5964c/venv_crawl/lib/python3.12/site-packages/starlette/_exception_handler.py", line 53, in wrapped_app
    raise exc
  File "/home/manhhai01/Desktop/dev/deploy_3/hdbank-research-crawl_service-43e3a5f5964c/venv_crawl/lib/python3.12/site-packages/starlette/_exception_handler.py", line 42, in wrapped_app
    await app(scope, receive, sender)
  File "/home/manhhai01/Desktop/dev/deploy_3/hdbank-research-crawl_service-43e3a5f5964c/venv_crawl/lib/python3.12/site-packages/starlette/routing.py", line 73, in app
    response = await f(request)
               ^^^^^^^^^^^^^^^^
  File "/home/manhhai01/Desktop/dev/deploy_3/hdbank-research-crawl_service-43e3a5f5964c/venv_crawl/lib/python3.12/site-packages/fastapi/routing.py", line 301, in app
    raw_response = await run_endpoint_function(
                   ^^^^^^^^^^^^^^^^^^^^^^^^^^^^
  File "/home/manhhai01/Desktop/dev/deploy_3/hdbank-research-crawl_service-43e3a5f5964c/venv_crawl/lib/python3.12/site-packages/fastapi/routing.py", line 212, in run_endpoint_function
    return await dependant.call(**values)
           ^^^^^^^^^^^^^^^^^^^^^^^^^^^^^^
  File "/home/manhhai01/Desktop/dev/deploy_3/hdbank-research-crawl_service-43e3a5f5964c/domain/tv/controller.py", line 8, in get_data
    return await service.get_data(symbol, exchange, interval, n_bars)
           ^^^^^^^^^^^^^^^^^^^^^^^^^^^^^^^^^^^^^^^^^^^^^^^^^^^^^^^^^^
  File "/home/manhhai01/Desktop/dev/deploy_3/hdbank-research-crawl_service-43e3a5f5964c/domain/tv/service.py", line 19, in get_data
    if len(data) == 0:
       ^^^^^^^^^
TypeError: object of type 'NoneType' has no len()
2025-05-05 15:12:00,045 - WARNING - you are using nologin method, data you access may be limited
2025-05-05 15:12:01,124 - WARNING - you are using nologin method, data you access may be limited
2025-05-05 15:12:02,397 - WARNING - you are using nologin method, data you access may be limited
2025-05-06 01:42:12,061 - WARNING - you are using nologin method, data you access may be limited
2025-05-06 01:42:14,739 - WARNING - you are using nologin method, data you access may be limited
2025-05-06 01:42:15,922 - WARNING - you are using nologin method, data you access may be limited
2025-05-06 02:51:13,816 - WARNING - you are using nologin method, data you access may be limited
2025-05-06 02:51:14,475 - WARNING - you are using nologin method, data you access may be limited
2025-05-06 02:51:15,091 - WARNING - you are using nologin method, data you access may be limited
2025-05-06 08:09:02,989 - WARNING - you are using nologin method, data you access may be limited
2025-05-06 08:09:04,780 - WARNING - you are using nologin method, data you access may be limited
2025-05-06 08:09:06,030 - WARNING - you are using nologin method, data you access may be limited
2025-05-06 08:13:35,501 - WARNING - you are using nologin method, data you access may be limited
2025-05-06 08:13:36,214 - WARNING - you are using nologin method, data you access may be limited
2025-05-06 08:13:36,893 - WARNING - you are using nologin method, data you access may be limited
2025-05-06 08:27:33,305 - WARNING - you are using nologin method, data you access may be limited
2025-05-06 08:27:34,492 - WARNING - you are using nologin method, data you access may be limited
2025-05-06 08:27:35,755 - WARNING - you are using nologin method, data you access may be limited
2025-05-06 08:35:11,704 - WARNING - you are using nologin method, data you access may be limited
2025-05-06 08:35:20,288 - WARNING - you are using nologin method, data you access may be limited
2025-05-06 08:35:29,245 - WARNING - you are using nologin method, data you access may be limited
2025-05-06 08:38:49,401 - WARNING - you are using nologin method, data you access may be limited
2025-05-06 08:38:51,342 - WARNING - you are using nologin method, data you access may be limited
2025-05-06 08:38:53,525 - WARNING - you are using nologin method, data you access may be limited
2025-05-06 08:46:56,582 - WARNING - you are using nologin method, data you access may be limited
2025-05-06 08:46:58,903 - WARNING - you are using nologin method, data you access may be limited
2025-05-06 08:47:01,388 - WARNING - you are using nologin method, data you access may be limited
2025-05-06 08:56:09,860 - WARNING - you are using nologin method, data you access may be limited
2025-05-06 08:56:11,027 - WARNING - you are using nologin method, data you access may be limited
2025-05-06 08:56:12,278 - WARNING - you are using nologin method, data you access may be limited
2025-05-06 09:08:11,642 - WARNING - you are using nologin method, data you access may be limited
2025-05-06 09:08:12,779 - WARNING - you are using nologin method, data you access may be limited
2025-05-06 09:08:13,708 - WARNING - you are using nologin method, data you access may be limited
2025-05-06 09:16:20,987 - WARNING - you are using nologin method, data you access may be limited
2025-05-06 09:16:21,745 - WARNING - you are using nologin method, data you access may be limited
2025-05-06 09:16:22,469 - WARNING - you are using nologin method, data you access may be limited
2025-05-07 02:10:13,468 - WARNING - you are using nologin method, data you access may be limited
2025-05-07 02:10:14,674 - WARNING - you are using nologin method, data you access may be limited
2025-05-07 02:10:16,488 - WARNING - you are using nologin method, data you access may be limited
2025-05-07 02:26:00,177 - WARNING - you are using nologin method, data you access may be limited
2025-05-07 02:26:01,301 - WARNING - you are using nologin method, data you access may be limited
2025-05-07 02:26:02,536 - WARNING - you are using nologin method, data you access may be limited
2025-05-07 02:37:38,934 - WARNING - you are using nologin method, data you access may be limited
2025-05-07 02:37:42,084 - WARNING - you are using nologin method, data you access may be limited
2025-05-07 02:37:42,756 - WARNING - you are using nologin method, data you access may be limited
2025-05-07 02:40:46,249 - WARNING - you are using nologin method, data you access may be limited
2025-05-07 02:40:47,374 - WARNING - you are using nologin method, data you access may be limited
2025-05-07 02:40:49,227 - WARNING - you are using nologin method, data you access may be limited
2025-05-07 02:50:26,306 - WARNING - you are using nologin method, data you access may be limited
2025-05-07 02:50:28,161 - WARNING - you are using nologin method, data you access may be limited
2025-05-07 02:50:30,098 - WARNING - you are using nologin method, data you access may be limited
2025-05-07 03:06:18,089 - WARNING - you are using nologin method, data you access may be limited
2025-05-07 03:06:22,627 - WARNING - you are using nologin method, data you access may be limited
2025-05-07 03:06:23,330 - WARNING - you are using nologin method, data you access may be limited
2025-05-07 03:11:50,289 - WARNING - you are using nologin method, data you access may be limited
2025-05-07 03:11:50,955 - WARNING - you are using nologin method, data you access may be limited
2025-05-07 03:11:51,779 - WARNING - you are using nologin method, data you access may be limited
2025-05-07 03:19:50,731 - WARNING - you are using nologin method, data you access may be limited
2025-05-07 03:19:51,960 - WARNING - you are using nologin method, data you access may be limited
2025-05-07 03:19:53,149 - WARNING - you are using nologin method, data you access may be limited
2025-05-07 03:39:18,355 - WARNING - you are using nologin method, data you access may be limited
2025-05-07 03:39:19,671 - WARNING - you are using nologin method, data you access may be limited
2025-05-07 03:39:20,982 - WARNING - you are using nologin method, data you access may be limited
2025-05-07 03:49:12,980 - WARNING - you are using nologin method, data you access may be limited
2025-05-07 03:49:14,298 - WARNING - you are using nologin method, data you access may be limited
2025-05-07 03:49:18,811 - WARNING - you are using nologin method, data you access may be limited
2025-05-07 04:09:15,340 - WARNING - you are using nologin method, data you access may be limited
2025-05-07 04:09:16,344 - WARNING - you are using nologin method, data you access may be limited
2025-05-07 04:09:17,455 - WARNING - you are using nologin method, data you access may be limited
2025-05-07 04:16:26,603 - WARNING - you are using nologin method, data you access may be limited
2025-05-07 04:16:27,333 - WARNING - you are using nologin method, data you access may be limited
2025-05-07 04:16:28,053 - WARNING - you are using nologin method, data you access may be limited
2025-05-07 04:28:04,394 - WARNING - you are using nologin method, data you access may be limited
2025-05-07 04:28:05,800 - WARNING - you are using nologin method, data you access may be limited
2025-05-07 04:28:07,139 - WARNING - you are using nologin method, data you access may be limited
2025-05-07 04:30:03,217 - WARNING - you are using nologin method, data you access may be limited
2025-05-07 04:30:04,388 - WARNING - you are using nologin method, data you access may be limited
2025-05-07 04:30:05,903 - WARNING - you are using nologin method, data you access may be limited
2025-05-07 04:32:11,707 - WARNING - you are using nologin method, data you access may be limited
2025-05-07 04:32:13,185 - WARNING - you are using nologin method, data you access may be limited
2025-05-07 04:32:14,483 - WARNING - you are using nologin method, data you access may be limited
2025-05-07 04:32:42,579 - WARNING - you are using nologin method, data you access may be limited
2025-05-07 04:32:43,810 - WARNING - you are using nologin method, data you access may be limited
2025-05-07 04:32:45,095 - WARNING - you are using nologin method, data you access may be limited
2025-05-07 04:32:59,207 - WARNING - you are using nologin method, data you access may be limited
2025-05-07 04:33:00,224 - WARNING - you are using nologin method, data you access may be limited
2025-05-07 04:33:01,454 - WARNING - you are using nologin method, data you access may be limited
2025-05-07 05:06:57,164 - WARNING - you are using nologin method, data you access may be limited
2025-05-07 05:06:59,099 - WARNING - you are using nologin method, data you access may be limited
2025-05-07 05:07:02,300 - WARNING - you are using nologin method, data you access may be limited
2025-05-07 06:20:05,402 - WARNING - you are using nologin method, data you access may be limited
2025-05-07 06:20:09,284 - WARNING - you are using nologin method, data you access may be limited
2025-05-07 06:20:12,924 - WARNING - you are using nologin method, data you access may be limited
2025-05-07 06:26:47,028 - WARNING - you are using nologin method, data you access may be limited
2025-05-07 06:26:48,296 - WARNING - you are using nologin method, data you access may be limited
2025-05-07 06:27:06,681 - WARNING - you are using nologin method, data you access may be limited
2025-05-07 06:31:15,379 - WARNING - you are using nologin method, data you access may be limited
2025-05-07 06:31:19,714 - WARNING - you are using nologin method, data you access may be limited
2025-05-07 06:31:27,489 - WARNING - you are using nologin method, data you access may be limited
2025-05-07 06:33:43,185 - WARNING - you are using nologin method, data you access may be limited
2025-05-07 06:33:45,152 - WARNING - you are using nologin method, data you access may be limited
2025-05-07 06:33:47,136 - WARNING - you are using nologin method, data you access may be limited
2025-05-07 06:46:23,688 - WARNING - you are using nologin method, data you access may be limited
2025-05-07 06:46:26,289 - WARNING - you are using nologin method, data you access may be limited
2025-05-07 06:46:29,471 - WARNING - you are using nologin method, data you access may be limited
2025-05-07 06:52:36,759 - WARNING - you are using nologin method, data you access may be limited
2025-05-07 06:52:43,613 - WARNING - you are using nologin method, data you access may be limited
2025-05-07 06:53:00,045 - WARNING - you are using nologin method, data you access may be limited
2025-05-07 06:56:24,688 - WARNING - you are using nologin method, data you access may be limited
2025-05-07 06:56:25,866 - WARNING - you are using nologin method, data you access may be limited
2025-05-07 06:56:28,713 - WARNING - you are using nologin method, data you access may be limited
2025-05-07 06:59:10,712 - WARNING - you are using nologin method, data you access may be limited
2025-05-07 06:59:15,166 - WARNING - you are using nologin method, data you access may be limited
2025-05-07 06:59:20,309 - WARNING - you are using nologin method, data you access may be limited
2025-05-07 07:04:52,724 - WARNING - you are using nologin method, data you access may be limited
2025-05-07 07:04:53,985 - WARNING - you are using nologin method, data you access may be limited
2025-05-07 07:04:56,360 - WARNING - you are using nologin method, data you access may be limited
2025-05-07 07:06:53,701 - WARNING - you are using nologin method, data you access may be limited
2025-05-07 07:06:54,961 - WARNING - you are using nologin method, data you access may be limited
2025-05-07 07:07:00,173 - WARNING - you are using nologin method, data you access may be limited
2025-05-07 07:10:25,779 - WARNING - you are using nologin method, data you access may be limited
2025-05-07 07:10:27,180 - WARNING - you are using nologin method, data you access may be limited
2025-05-07 07:10:29,649 - WARNING - you are using nologin method, data you access may be limited
2025-05-07 07:14:01,726 - WARNING - you are using nologin method, data you access may be limited
2025-05-07 07:14:02,848 - WARNING - you are using nologin method, data you access may be limited
2025-05-07 07:14:05,120 - WARNING - you are using nologin method, data you access may be limited
2025-05-07 07:18:11,314 - WARNING - you are using nologin method, data you access may be limited
2025-05-07 07:18:12,513 - WARNING - you are using nologin method, data you access may be limited
2025-05-07 07:18:13,781 - WARNING - you are using nologin method, data you access may be limited
2025-05-07 07:20:15,577 - WARNING - you are using nologin method, data you access may be limited
2025-05-07 07:20:16,709 - WARNING - you are using nologin method, data you access may be limited
2025-05-07 07:20:17,916 - WARNING - you are using nologin method, data you access may be limited
2025-05-07 07:24:50,206 - WARNING - you are using nologin method, data you access may be limited
2025-05-07 07:24:51,402 - WARNING - you are using nologin method, data you access may be limited
2025-05-07 07:24:52,668 - WARNING - you are using nologin method, data you access may be limited
2025-05-07 07:26:58,603 - WARNING - you are using nologin method, data you access may be limited
2025-05-07 07:27:01,066 - WARNING - you are using nologin method, data you access may be limited
2025-05-07 07:27:04,009 - WARNING - you are using nologin method, data you access may be limited
2025-05-07 07:59:08,281 - WARNING - you are using nologin method, data you access may be limited
2025-05-07 07:59:09,500 - WARNING - you are using nologin method, data you access may be limited
2025-05-07 07:59:10,503 - WARNING - you are using nologin method, data you access may be limited
2025-05-07 08:05:07,504 - WARNING - you are using nologin method, data you access may be limited
2025-05-07 08:05:08,828 - WARNING - you are using nologin method, data you access may be limited
2025-05-07 08:05:10,184 - WARNING - you are using nologin method, data you access may be limited
2025-05-07 08:31:00,204 - WARNING - you are using nologin method, data you access may be limited
2025-05-07 08:31:01,702 - WARNING - you are using nologin method, data you access may be limited
2025-05-07 08:31:03,136 - WARNING - you are using nologin method, data you access may be limited
2025-05-07 08:40:00,130 - WARNING - you are using nologin method, data you access may be limited
2025-05-07 08:40:01,903 - WARNING - you are using nologin method, data you access may be limited
2025-05-07 08:40:03,485 - WARNING - you are using nologin method, data you access may be limited
2025-05-07 08:53:34,261 - WARNING - you are using nologin method, data you access may be limited
2025-05-07 08:53:36,216 - WARNING - you are using nologin method, data you access may be limited
2025-05-07 08:54:21,408 - WARNING - you are using nologin method, data you access may be limited
2025-05-07 09:06:49,084 - INFO - Shutting down
2025-05-07 09:06:49,209 - INFO - Waiting for application shutdown.
2025-05-07 09:06:49,218 - INFO - Application shutdown complete.
2025-05-07 09:06:49,219 - INFO - Finished server process [6892]
2025-05-07 09:06:49,325 - INFO - Stopping reloader process [6883]
2025-05-07 09:54:32,897 - WARNING - you are using nologin method, data you access may be limited
2025-05-07 09:54:34,122 - WARNING - you are using nologin method, data you access may be limited
2025-05-07 09:54:34,867 - WARNING - you are using nologin method, data you access may be limited
2025-05-07 10:09:35,925 - WARNING - you are using nologin method, data you access may be limited
2025-05-07 10:09:36,668 - WARNING - you are using nologin method, data you access may be limited
2025-05-07 10:09:38,022 - WARNING - you are using nologin method, data you access may be limited
2025-05-07 10:30:42,837 - WARNING - you are using nologin method, data you access may be limited
2025-05-07 10:30:45,064 - WARNING - you are using nologin method, data you access may be limited
2025-05-07 10:30:48,502 - WARNING - you are using nologin method, data you access may be limited
2025-05-07 10:58:37,775 - WARNING - you are using nologin method, data you access may be limited
2025-05-07 10:58:39,630 - WARNING - you are using nologin method, data you access may be limited
2025-05-07 10:58:41,788 - WARNING - you are using nologin method, data you access may be limited
2025-05-07 11:21:33,292 - WARNING - you are using nologin method, data you access may be limited
2025-05-07 11:21:34,538 - WARNING - you are using nologin method, data you access may be limited
2025-05-07 11:21:35,745 - WARNING - you are using nologin method, data you access may be limited
2025-05-08 02:04:26,714 - WARNING - you are using nologin method, data you access may be limited
2025-05-08 02:04:33,285 - WARNING - you are using nologin method, data you access may be limited
2025-05-08 02:04:35,295 - WARNING - you are using nologin method, data you access may be limited
2025-05-08 02:18:05,145 - WARNING - you are using nologin method, data you access may be limited
2025-05-08 02:18:06,057 - WARNING - you are using nologin method, data you access may be limited
2025-05-08 02:18:06,784 - WARNING - you are using nologin method, data you access may be limited
